<?xml version="1.0" encoding="UTF-8"?>
<testng-results ignored="0" total="2" passed="2" failed="0" skipped="0">
  <reporter-output>
  </reporter-output>
  <suite started-at="2025-04-18T13:41:06 IST" name="Surefire suite" finished-at="2025-04-18T13:43:07 IST" duration-ms="121516">
    <groups>
    </groups>
    <test started-at="2025-04-18T13:41:06 IST" name="Surefire test" finished-at="2025-04-18T13:43:07 IST" duration-ms="121516">
      <class name="test.IvantiLoginTest">
        <test-method is-config="true" signature="setUpSuite()[pri:0, instance:test.IvantiLoginTest@79b06cab]" started-at="2025-04-18T13:41:06 IST" name="setUpSuite" finished-at="2025-04-18T13:41:06 IST" duration-ms="0" status="PASS">
          <reporter-output>
          </reporter-output>
        </test-method> <!-- setUpSuite -->
        <test-method is-config="true" signature="setup()[pri:0, instance:test.IvantiLoginTest@79b06cab]" started-at="2025-04-18T13:42:07 IST" name="setup" finished-at="2025-04-18T13:42:09 IST" duration-ms="2322" status="PASS">
          <reporter-output>
          </reporter-output>
        </test-method> <!-- setup -->
        <test-method signature="testValidLogin()[pri:0, instance:test.IvantiLoginTest@79b06cab]" started-at="2025-04-18T13:42:09 IST" name="testValidLogin" finished-at="2025-04-18T13:43:07 IST" duration-ms="57571" status="PASS">
          <reporter-output>
          </reporter-output>
        </test-method> <!-- testValidLogin -->
        <test-method is-config="true" signature="teardown()[pri:0, instance:test.IvantiLoginTest@79b06cab]" started-at="2025-04-18T13:43:07 IST" name="teardown" finished-at="2025-04-18T13:43:07 IST" duration-ms="379" status="PASS">
          <reporter-output>
          </reporter-output>
        </test-method> <!-- teardown -->
      </class> <!-- test.IvantiLoginTest -->
      <class name="test.IncidentCreationTest">
        <test-method is-config="true" signature="setUpSuite()[pri:0, instance:test.IncidentCreationTest@4b14c583]" started-at="2025-04-18T13:41:06 IST" name="setUpSuite" finished-at="2025-04-18T13:41:06 IST" duration-ms="13" status="PASS">
          <reporter-output>
          </reporter-output>
        </test-method> <!-- setUpSuite -->
        <test-method is-config="true" signature="setup()[pri:0, instance:test.IncidentCreationTest@4b14c583]" started-at="2025-04-18T13:41:06 IST" name="setup" finished-at="2025-04-18T13:41:10 IST" duration-ms="3878" status="PASS">
          <reporter-output>
          </reporter-output>
        </test-method> <!-- setup -->
        <test-method signature="testIncidentCreation()[pri:0, instance:test.IncidentCreationTest@4b14c583]" started-at="2025-04-18T13:41:10 IST" name="testIncidentCreation" finished-at="2025-04-18T13:42:06 IST" duration-ms="56452" status="PASS">
          <reporter-output>
          </reporter-output>
        </test-method> <!-- testIncidentCreation -->
        <test-method is-config="true" signature="teardown()[pri:0, instance:test.IncidentCreationTest@4b14c583]" started-at="2025-04-18T13:42:06 IST" name="teardown" finished-at="2025-04-18T13:42:07 IST" duration-ms="868" status="PASS">
          <reporter-output>
          </reporter-output>
        </test-method> <!-- teardown -->
      </class> <!-- test.IncidentCreationTest -->
    </test> <!-- Surefire test -->
  </suite> <!-- Surefire suite -->
</testng-results>
