<?xml version="1.0" encoding="UTF-8"?>
<testng-results ignored="0" total="2" passed="2" failed="0" skipped="0">
  <reporter-output>
  </reporter-output>
  <suite started-at="2025-04-18T16:38:04 IST" name="Surefire suite" finished-at="2025-04-18T16:41:25 IST" duration-ms="200674">
    <groups>
    </groups>
    <test started-at="2025-04-18T16:38:04 IST" name="Surefire test" finished-at="2025-04-18T16:41:25 IST" duration-ms="200674">
      <class name="test.IvantiLoginTest">
        <test-method is-config="true" signature="setUpSuite()[pri:0, instance:test.IvantiLoginTest@79b06cab]" started-at="2025-04-18T16:38:04 IST" name="setUpSuite" finished-at="2025-04-18T16:38:04 IST" duration-ms="0" status="PASS">
          <reporter-output>
          </reporter-output>
        </test-method> <!-- setUpSuite -->
        <test-method is-config="true" signature="setup()[pri:0, instance:test.IvantiLoginTest@79b06cab]" started-at="2025-04-18T16:39:43 IST" name="setup" finished-at="2025-04-18T16:39:46 IST" duration-ms="2684" status="PASS">
          <reporter-output>
          </reporter-output>
        </test-method> <!-- setup -->
        <test-method signature="testValidLogin()[pri:0, instance:test.IvantiLoginTest@79b06cab]" started-at="2025-04-18T16:39:46 IST" name="testValidLogin" finished-at="2025-04-18T16:41:24 IST" duration-ms="98329" status="PASS">
          <reporter-output>
          </reporter-output>
        </test-method> <!-- testValidLogin -->
        <test-method is-config="true" signature="teardown()[pri:0, instance:test.IvantiLoginTest@79b06cab]" started-at="2025-04-18T16:41:24 IST" name="teardown" finished-at="2025-04-18T16:41:25 IST" duration-ms="496" status="PASS">
          <reporter-output>
          </reporter-output>
        </test-method> <!-- teardown -->
      </class> <!-- test.IvantiLoginTest -->
      <class name="test.IncidentCreationTest">
        <test-method is-config="true" signature="setUpSuite()[pri:0, instance:test.IncidentCreationTest@4b14c583]" started-at="2025-04-18T16:38:04 IST" name="setUpSuite" finished-at="2025-04-18T16:38:04 IST" duration-ms="12" status="PASS">
          <reporter-output>
          </reporter-output>
        </test-method> <!-- setUpSuite -->
        <test-method is-config="true" signature="setup()[pri:0, instance:test.IncidentCreationTest@4b14c583]" started-at="2025-04-18T16:38:04 IST" name="setup" finished-at="2025-04-18T16:38:11 IST" duration-ms="6193" status="PASS">
          <reporter-output>
          </reporter-output>
        </test-method> <!-- setup -->
        <test-method signature="testIncidentCreation()[pri:0, instance:test.IncidentCreationTest@4b14c583]" started-at="2025-04-18T16:38:11 IST" name="testIncidentCreation" finished-at="2025-04-18T16:39:43 IST" duration-ms="92037" status="PASS">
          <reporter-output>
          </reporter-output>
        </test-method> <!-- testIncidentCreation -->
        <test-method is-config="true" signature="teardown()[pri:0, instance:test.IncidentCreationTest@4b14c583]" started-at="2025-04-18T16:39:43 IST" name="teardown" finished-at="2025-04-18T16:39:43 IST" duration-ms="897" status="PASS">
          <reporter-output>
          </reporter-output>
        </test-method> <!-- teardown -->
      </class> <!-- test.IncidentCreationTest -->
    </test> <!-- Surefire test -->
  </suite> <!-- Surefire suite -->
</testng-results>
