<?xml version="1.0" encoding="UTF-8"?>
<testng-results ignored="0" total="1" passed="1" failed="0" skipped="0">
  <reporter-output>
  </reporter-output>
  <suite started-at="2025-04-18T13:39:46 IST" name="Default suite" finished-at="2025-04-18T13:40:45 IST" duration-ms="59219">
    <groups>
    </groups>
    <test started-at="2025-04-18T13:39:46 IST" name="Default test" finished-at="2025-04-18T13:40:45 IST" duration-ms="59219">
      <class name="test.IncidentCreationTest">
        <test-method is-config="true" signature="setUpSuite()[pri:0, instance:test.IncidentCreationTest@139982de]" started-at="2025-04-18T13:39:46 IST" name="setUpSuite" finished-at="2025-04-18T13:39:46 IST" duration-ms="35" status="PASS">
          <reporter-output>
          </reporter-output>
        </test-method> <!-- setUpSuite -->
        <test-method is-config="true" signature="setup()[pri:0, instance:test.IncidentCreationTest@139982de]" started-at="2025-04-18T13:39:46 IST" name="setup" finished-at="2025-04-18T13:39:50 IST" duration-ms="3447" status="PASS">
          <reporter-output>
          </reporter-output>
        </test-method> <!-- setup -->
        <test-method signature="testIncidentCreation()[pri:0, instance:test.IncidentCreationTest@139982de]" started-at="2025-04-18T13:39:50 IST" name="testIncidentCreation" finished-at="2025-04-18T13:40:45 IST" duration-ms="54872" status="PASS">
          <reporter-output>
          </reporter-output>
        </test-method> <!-- testIncidentCreation -->
        <test-method is-config="true" signature="teardown()[pri:0, instance:test.IncidentCreationTest@139982de]" started-at="2025-04-18T13:40:45 IST" name="teardown" finished-at="2025-04-18T13:40:45 IST" duration-ms="872" status="PASS">
          <reporter-output>
          </reporter-output>
        </test-method> <!-- teardown -->
      </class> <!-- test.IncidentCreationTest -->
    </test> <!-- Default test -->
  </suite> <!-- Default suite -->
</testng-results>
